Flow report for leading_ones_sequential
Fri May 04 11:11:14 2018
Quartus II 32-bit Version 13.0.1 Build 232 06/12/2013 Service Pack 1 SJ Web Edition


---------------------
; Table of Contents ;
---------------------
  1. Legal Notice
  2. Flow Summary
  3. Flow Settings
  4. Flow Non-Default Global Settings
  5. Flow Elapsed Time
  6. Flow OS Summary
  7. Flow Log
  8. Flow Messages
  9. Flow Suppressed Messages



----------------
; Legal Notice ;
----------------
Copyright (C) 1991-2013 Altera Corporation
Your use of Altera Corporation's design tools, logic functions 
and other software and tools, and its AMPP partner logic 
functions, and any output files from any of the foregoing 
(including device programming or simulation files), and any 
associated documentation or information are expressly subject 
to the terms and conditions of the Altera Program License 
Subscription Agreement, Altera MegaCore Function License 
Agreement, or other applicable license agreement, including, 
without limitation, that your use is for the sole purpose of 
programming logic devices manufactured by Altera and sold by 
Altera or its authorized distributors.  Please refer to the 
applicable agreement for further details.



+--------------------------------------------------------------------------------------+
; Flow Summary                                                                         ;
+------------------------------------+-------------------------------------------------+
; Flow Status                        ; Successful - Fri May 04 11:11:14 2018           ;
; Quartus II 32-bit Version          ; 13.0.1 Build 232 06/12/2013 SP 1 SJ Web Edition ;
; Revision Name                      ; leading_ones_sequential                         ;
; Top-level Entity Name              ; leading_ones_sequential                         ;
; Family                             ; Cyclone IV GX                                   ;
; Total logic elements               ; 17 / 21,280 ( < 1 % )                           ;
;     Total combinational functions  ; 16 / 21,280 ( < 1 % )                           ;
;     Dedicated logic registers      ; 11 / 21,280 ( < 1 % )                           ;
; Total registers                    ; 11                                              ;
; Total pins                         ; 48 / 167 ( 29 % )                               ;
; Total virtual pins                 ; 0                                               ;
; Total memory bits                  ; 0 / 774,144 ( 0 % )                             ;
; Embedded Multiplier 9-bit elements ; 0 / 80 ( 0 % )                                  ;
; Total GXB Receiver Channel PCS     ; 0 / 4 ( 0 % )                                   ;
; Total GXB Receiver Channel PMA     ; 0 / 4 ( 0 % )                                   ;
; Total GXB Transmitter Channel PCS  ; 0 / 4 ( 0 % )                                   ;
; Total GXB Transmitter Channel PMA  ; 0 / 4 ( 0 % )                                   ;
; Total PLLs                         ; 0 / 4 ( 0 % )                                   ;
; Device                             ; EP4CGX22CF19C6                                  ;
; Timing Models                      ; Final                                           ;
+------------------------------------+-------------------------------------------------+


+---------------------------------------------+
; Flow Settings                               ;
+-------------------+-------------------------+
; Option            ; Setting                 ;
+-------------------+-------------------------+
; Start date & time ; 05/04/2018 11:10:16     ;
; Main task         ; Compilation             ;
; Revision Name     ; leading_ones_sequential ;
+-------------------+-------------------------+


+----------------------------------------------------------------------------------------------------------------------+
; Flow Non-Default Global Settings                                                                                     ;
+-------------------------------------+---------------------------------+---------------+-------------+----------------+
; Assignment Name                     ; Value                           ; Default Value ; Entity Name ; Section Id     ;
+-------------------------------------+---------------------------------+---------------+-------------+----------------+
; COMPILER_SIGNATURE_ID               ; 273549556194476.152545741607504 ; --            ; --          ; --             ;
; EDA_OUTPUT_DATA_FORMAT              ; Verilog Hdl                     ; --            ; --          ; eda_simulation ;
; EDA_SIMULATION_TOOL                 ; ModelSim-Altera (Verilog)       ; <None>        ; --          ; --             ;
; EDA_TIME_SCALE                      ; 1 ps                            ; --            ; --          ; eda_simulation ;
; PARTITION_COLOR                     ; 16764057                        ; --            ; --          ; Top            ;
; PARTITION_FITTER_PRESERVATION_LEVEL ; PLACEMENT_AND_ROUTING           ; --            ; --          ; Top            ;
; PARTITION_NETLIST_TYPE              ; SOURCE                          ; --            ; --          ; Top            ;
; PROJECT_OUTPUT_DIRECTORY            ; output_files                    ; --            ; --          ; --             ;
+-------------------------------------+---------------------------------+---------------+-------------+----------------+


+-------------------------------------------------------------------------------------------------------------------------------+
; Flow Elapsed Time                                                                                                             ;
+---------------------------+--------------+-------------------------+---------------------+------------------------------------+
; Module Name               ; Elapsed Time ; Average Processors Used ; Peak Virtual Memory ; Total CPU Time (on all processors) ;
+---------------------------+--------------+-------------------------+---------------------+------------------------------------+
; Analysis & Synthesis      ; 00:00:03     ; 1.0                     ; 463 MB              ; 00:00:02                           ;
; Fitter                    ; 00:00:12     ; 1.0                     ; 663 MB              ; 00:00:11                           ;
; Assembler                 ; 00:00:03     ; 1.0                     ; 440 MB              ; 00:00:03                           ;
; TimeQuest Timing Analyzer ; 00:00:05     ; 1.0                     ; 437 MB              ; 00:00:04                           ;
; EDA Netlist Writer        ; 00:00:01     ; 1.0                     ; 397 MB              ; 00:00:01                           ;
; EDA Netlist Writer        ; 00:00:01     ; 1.0                     ; 402 MB              ; 00:00:01                           ;
; EDA Netlist Writer        ; 00:00:01     ; 1.0                     ; 410 MB              ; 00:00:01                           ;
; Total                     ; 00:00:26     ; --                      ; --                  ; 00:00:23                           ;
+---------------------------+--------------+-------------------------+---------------------+------------------------------------+


+----------------------------------------------------------------------------------------+
; Flow OS Summary                                                                        ;
+---------------------------+------------------+-----------+------------+----------------+
; Module Name               ; Machine Hostname ; OS Name   ; OS Version ; Processor type ;
+---------------------------+------------------+-----------+------------+----------------+
; Analysis & Synthesis      ; EVAN_LAPTOP_2    ; Windows 7 ; 6.2        ; x86_64         ;
; Fitter                    ; EVAN_LAPTOP_2    ; Windows 7 ; 6.2        ; x86_64         ;
; Assembler                 ; EVAN_LAPTOP_2    ; Windows 7 ; 6.2        ; x86_64         ;
; TimeQuest Timing Analyzer ; EVAN_LAPTOP_2    ; Windows 7 ; 6.2        ; x86_64         ;
; EDA Netlist Writer        ; EVAN_LAPTOP_2    ; Windows 7 ; 6.2        ; x86_64         ;
; EDA Netlist Writer        ; EVAN_LAPTOP_2    ; Windows 7 ; 6.2        ; x86_64         ;
; EDA Netlist Writer        ; EVAN_LAPTOP_2    ; Windows 7 ; 6.2        ; x86_64         ;
+---------------------------+------------------+-----------+------------+----------------+


------------
; Flow Log ;
------------
quartus_map --read_settings_files=on --write_settings_files=off leading_ones_sequential -c leading_ones_sequential
quartus_fit --read_settings_files=off --write_settings_files=off leading_ones_sequential -c leading_ones_sequential
quartus_asm --read_settings_files=off --write_settings_files=off leading_ones_sequential -c leading_ones_sequential
quartus_sta leading_ones_sequential -c leading_ones_sequential
quartus_eda --read_settings_files=off --write_settings_files=off leading_ones_sequential -c leading_ones_sequential
quartus_eda --gen_testbench --check_outputs=on --tool=modelsim_oem --format=verilog leading_ones_sequential -c leading_ones_sequential --vector_source="D:/Google Drive/School/Caltech/ee125_shared/ee125/hw3/leading_ones_sequential/Waveform.vwf" --testbench_file=./simulation/qsim/leading_ones_sequential.vt
quartus_eda --functional=off --timescale=1ps --simulation=on --tool=modelsim_oem --format=verilog leading_ones_sequential -c leading_ones_sequential



