Flow report for natural_to_thermometer
Wed May 09 22:20:56 2018
Quartus II 64-Bit Version 13.0.0 Build 156 04/24/2013 SJ Web Edition


---------------------
; Table of Contents ;
---------------------
  1. Legal Notice
  2. Flow Summary
  3. Flow Settings
  4. Flow Non-Default Global Settings
  5. Flow Elapsed Time
  6. Flow OS Summary
  7. Flow Log
  8. Flow Messages
  9. Flow Suppressed Messages



----------------
; Legal Notice ;
----------------
Copyright (C) 1991-2013 Altera Corporation
Your use of Altera Corporation's design tools, logic functions 
and other software and tools, and its AMPP partner logic 
functions, and any output files from any of the foregoing 
(including device programming or simulation files), and any 
associated documentation or information are expressly subject 
to the terms and conditions of the Altera Program License 
Subscription Agreement, Altera MegaCore Function License 
Agreement, or other applicable license agreement, including, 
without limitation, that your use is for the sole purpose of 
programming logic devices manufactured by Altera and sold by 
Altera or its authorized distributors.  Please refer to the 
applicable agreement for further details.



+---------------------------------------------------------------------------------+
; Flow Summary                                                                    ;
+------------------------------------+--------------------------------------------+
; Flow Status                        ; Successful - Wed May 09 22:20:56 2018      ;
; Quartus II 64-Bit Version          ; 13.0.0 Build 156 04/24/2013 SJ Web Edition ;
; Revision Name                      ; natural_to_thermometer                     ;
; Top-level Entity Name              ; natural_to_thermometer_test                ;
; Family                             ; Cyclone II                                 ;
; Total logic elements               ; 145 / 8,256 ( 2 % )                        ;
;     Total combinational functions  ; 145 / 8,256 ( 2 % )                        ;
;     Dedicated logic registers      ; 0 / 8,256 ( 0 % )                          ;
; Total registers                    ; 0                                          ;
; Total pins                         ; 135 / 182 ( 74 % )                         ;
; Total virtual pins                 ; 0                                          ;
; Total memory bits                  ; 0 / 165,888 ( 0 % )                        ;
; Embedded Multiplier 9-bit elements ; 0 / 36 ( 0 % )                             ;
; Total PLLs                         ; 0 / 2 ( 0 % )                              ;
; Device                             ; EP2C8F256C6                                ;
; Timing Models                      ; Final                                      ;
+------------------------------------+--------------------------------------------+


+--------------------------------------------+
; Flow Settings                              ;
+-------------------+------------------------+
; Option            ; Setting                ;
+-------------------+------------------------+
; Start date & time ; 05/09/2018 22:20:44    ;
; Main task         ; Compilation            ;
; Revision Name     ; natural_to_thermometer ;
+-------------------+------------------------+


+----------------------------------------------------------------------------------------------------------------------------------------------+
; Flow Non-Default Global Settings                                                                                                             ;
+-------------------------------------+--------------------------------+------------------------+-----------------------------+----------------+
; Assignment Name                     ; Value                          ; Default Value          ; Entity Name                 ; Section Id     ;
+-------------------------------------+--------------------------------+------------------------+-----------------------------+----------------+
; COMPILER_SIGNATURE_ID               ; 79461741593507.152592964405800 ; --                     ; --                          ; --             ;
; EDA_GENERATE_FUNCTIONAL_NETLIST     ; Off                            ; --                     ; --                          ; eda_simulation ;
; EDA_OUTPUT_DATA_FORMAT              ; Verilog Hdl                    ; --                     ; --                          ; eda_simulation ;
; EDA_SIMULATION_TOOL                 ; ModelSim-Altera (Verilog)      ; <None>                 ; --                          ; --             ;
; EDA_TIME_SCALE                      ; 1 ps                           ; --                     ; --                          ; eda_simulation ;
; PARTITION_COLOR                     ; 16764057                       ; --                     ; natural_to_thermometer_test ; Top            ;
; PARTITION_FITTER_PRESERVATION_LEVEL ; PLACEMENT_AND_ROUTING          ; --                     ; natural_to_thermometer_test ; Top            ;
; PARTITION_NETLIST_TYPE              ; SOURCE                         ; --                     ; natural_to_thermometer_test ; Top            ;
; PROJECT_OUTPUT_DIRECTORY            ; output_files                   ; --                     ; --                          ; --             ;
; TOP_LEVEL_ENTITY                    ; natural_to_thermometer_test    ; natural_to_thermometer ; --                          ; --             ;
; VHDL_INPUT_VERSION                  ; VHDL_2008                      ; VHDL_1993              ; --                          ; --             ;
; VHDL_SHOW_LMF_MAPPING_MESSAGES      ; Off                            ; --                     ; --                          ; --             ;
+-------------------------------------+--------------------------------+------------------------+-----------------------------+----------------+


+-------------------------------------------------------------------------------------------------------------------------------+
; Flow Elapsed Time                                                                                                             ;
+---------------------------+--------------+-------------------------+---------------------+------------------------------------+
; Module Name               ; Elapsed Time ; Average Processors Used ; Peak Virtual Memory ; Total CPU Time (on all processors) ;
+---------------------------+--------------+-------------------------+---------------------+------------------------------------+
; Analysis & Synthesis      ; 00:00:01     ; 1.0                     ; 554 MB              ; 00:00:01                           ;
; Fitter                    ; 00:00:04     ; 1.0                     ; 761 MB              ; 00:00:04                           ;
; Assembler                 ; 00:00:01     ; 1.0                     ; 488 MB              ; 00:00:01                           ;
; TimeQuest Timing Analyzer ; 00:00:01     ; 1.0                     ; 479 MB              ; 00:00:01                           ;
; EDA Netlist Writer        ; 00:00:01     ; 1.0                     ; 442 MB              ; 00:00:01                           ;
; Total                     ; 00:00:08     ; --                      ; --                  ; 00:00:08                           ;
+---------------------------+--------------+-------------------------+---------------------+------------------------------------+


+----------------------------------------------------------------------------------------+
; Flow OS Summary                                                                        ;
+---------------------------+------------------+-----------+------------+----------------+
; Module Name               ; Machine Hostname ; OS Name   ; OS Version ; Processor type ;
+---------------------------+------------------+-----------+------------+----------------+
; Analysis & Synthesis      ; DESKTOP-3U8925O  ; Windows 7 ; 6.2        ; x86_64         ;
; Fitter                    ; DESKTOP-3U8925O  ; Windows 7 ; 6.2        ; x86_64         ;
; Assembler                 ; DESKTOP-3U8925O  ; Windows 7 ; 6.2        ; x86_64         ;
; TimeQuest Timing Analyzer ; DESKTOP-3U8925O  ; Windows 7 ; 6.2        ; x86_64         ;
; EDA Netlist Writer        ; DESKTOP-3U8925O  ; Windows 7 ; 6.2        ; x86_64         ;
+---------------------------+------------------+-----------+------------+----------------+


------------
; Flow Log ;
------------
quartus_map --read_settings_files=on --write_settings_files=off natural_to_thermometer -c natural_to_thermometer
quartus_fit --read_settings_files=off --write_settings_files=off natural_to_thermometer -c natural_to_thermometer
quartus_asm --read_settings_files=off --write_settings_files=off natural_to_thermometer -c natural_to_thermometer
quartus_sta natural_to_thermometer -c natural_to_thermometer
quartus_eda --read_settings_files=off --write_settings_files=off natural_to_thermometer -c natural_to_thermometer



