Flow report for inference_1
Tue May 01 21:57:45 2018
Quartus II 64-Bit Version 13.0.0 Build 156 04/24/2013 SJ Web Edition


---------------------
; Table of Contents ;
---------------------
  1. Legal Notice
  2. Flow Summary
  3. Flow Settings
  4. Flow Non-Default Global Settings
  5. Flow Elapsed Time
  6. Flow OS Summary
  7. Flow Log
  8. Flow Messages
  9. Flow Suppressed Messages



----------------
; Legal Notice ;
----------------
Copyright (C) 1991-2013 Altera Corporation
Your use of Altera Corporation's design tools, logic functions 
and other software and tools, and its AMPP partner logic 
functions, and any output files from any of the foregoing 
(including device programming or simulation files), and any 
associated documentation or information are expressly subject 
to the terms and conditions of the Altera Program License 
Subscription Agreement, Altera MegaCore Function License 
Agreement, or other applicable license agreement, including, 
without limitation, that your use is for the sole purpose of 
programming logic devices manufactured by Altera and sold by 
Altera or its authorized distributors.  Please refer to the 
applicable agreement for further details.



+---------------------------------------------------------------------------------+
; Flow Summary                                                                    ;
+------------------------------------+--------------------------------------------+
; Flow Status                        ; Successful - Tue May 01 21:57:43 2018      ;
; Quartus II 64-Bit Version          ; 13.0.0 Build 156 04/24/2013 SJ Web Edition ;
; Revision Name                      ; inference_1                                ;
; Top-level Entity Name              ; dff_with_qbar                              ;
; Family                             ; Cyclone II                                 ;
; Total logic elements               ; 2 / 4,608 ( < 1 % )                        ;
;     Total combinational functions  ; 1 / 4,608 ( < 1 % )                        ;
;     Dedicated logic registers      ; 2 / 4,608 ( < 1 % )                        ;
; Total registers                    ; 2                                          ;
; Total pins                         ; 4 / 89 ( 4 % )                             ;
; Total virtual pins                 ; 0                                          ;
; Total memory bits                  ; 0 / 119,808 ( 0 % )                        ;
; Embedded Multiplier 9-bit elements ; 0 / 26 ( 0 % )                             ;
; Total PLLs                         ; 0 / 2 ( 0 % )                              ;
; Device                             ; EP2C5T144C6                                ;
; Timing Models                      ; Final                                      ;
+------------------------------------+--------------------------------------------+


+-----------------------------------------+
; Flow Settings                           ;
+-------------------+---------------------+
; Option            ; Setting             ;
+-------------------+---------------------+
; Start date & time ; 05/01/2018 21:57:36 ;
; Main task         ; Compilation         ;
; Revision Name     ; inference_1         ;
+-------------------+---------------------+


+-------------------------------------------------------------------------------------------------------------------+
; Flow Non-Default Global Settings                                                                                  ;
+-------------------------------------+--------------------------------+---------------+---------------+------------+
; Assignment Name                     ; Value                          ; Default Value ; Entity Name   ; Section Id ;
+-------------------------------------+--------------------------------+---------------+---------------+------------+
; COMPILER_SIGNATURE_ID               ; 79461741593507.152523705607528 ; --            ; --            ; --         ;
; PARTITION_COLOR                     ; 16764057                       ; --            ; dff_with_qbar ; Top        ;
; PARTITION_FITTER_PRESERVATION_LEVEL ; PLACEMENT_AND_ROUTING          ; --            ; dff_with_qbar ; Top        ;
; PARTITION_NETLIST_TYPE              ; SOURCE                         ; --            ; dff_with_qbar ; Top        ;
; PROJECT_OUTPUT_DIRECTORY            ; output_files                   ; --            ; --            ; --         ;
; TOP_LEVEL_ENTITY                    ; dff_with_qbar                  ; inference_1   ; --            ; --         ;
+-------------------------------------+--------------------------------+---------------+---------------+------------+


+-------------------------------------------------------------------------------------------------------------------------------+
; Flow Elapsed Time                                                                                                             ;
+---------------------------+--------------+-------------------------+---------------------+------------------------------------+
; Module Name               ; Elapsed Time ; Average Processors Used ; Peak Virtual Memory ; Total CPU Time (on all processors) ;
+---------------------------+--------------+-------------------------+---------------------+------------------------------------+
; Analysis & Synthesis      ; 00:00:02     ; 1.0                     ; 550 MB              ; 00:00:01                           ;
; Fitter                    ; 00:00:04     ; 1.0                     ; 751 MB              ; 00:00:03                           ;
; Assembler                 ; 00:00:00     ; 1.0                     ; 467 MB              ; 00:00:01                           ;
; TimeQuest Timing Analyzer ; 00:00:01     ; 1.0                     ; 465 MB              ; 00:00:01                           ;
; Total                     ; 00:00:07     ; --                      ; --                  ; 00:00:06                           ;
+---------------------------+--------------+-------------------------+---------------------+------------------------------------+


+----------------------------------------------------------------------------------------+
; Flow OS Summary                                                                        ;
+---------------------------+------------------+-----------+------------+----------------+
; Module Name               ; Machine Hostname ; OS Name   ; OS Version ; Processor type ;
+---------------------------+------------------+-----------+------------+----------------+
; Analysis & Synthesis      ; DESKTOP-3U8925O  ; Windows 7 ; 6.2        ; x86_64         ;
; Fitter                    ; DESKTOP-3U8925O  ; Windows 7 ; 6.2        ; x86_64         ;
; Assembler                 ; DESKTOP-3U8925O  ; Windows 7 ; 6.2        ; x86_64         ;
; TimeQuest Timing Analyzer ; DESKTOP-3U8925O  ; Windows 7 ; 6.2        ; x86_64         ;
+---------------------------+------------------+-----------+------------+----------------+


------------
; Flow Log ;
------------
quartus_map --read_settings_files=on --write_settings_files=off inference_1 -c inference_1
quartus_fit --read_settings_files=off --write_settings_files=off inference_1 -c inference_1
quartus_asm --read_settings_files=off --write_settings_files=off inference_1 -c inference_1
quartus_sta inference_1 -c inference_1



